[38;5;0m[HTTP][0m [37m-->[39m [37mPOST[39m [37m/session[39m
[38;5;0m[HTTP][0m [90m{"capabilities":{"alwaysMatch":{"platformName":"Android","appium:platformVersion":"14","appium:deviceName":"Pixel_3a","appium:automationName":"UIAutomator2"},"firstMatch":[{}]},"desiredCapabilities":{"platformName":"Android","appium:platformVersion":"14","appium:deviceName":"Pixel_3a","appium:automationName":"UIAutomator2"}}[39m
[38;5;16m[AppiumDriver@9b2f][0m Calling AppiumDriver.createSession() with args: [{"platformName":"Android","appium:platformVersion":"14","appium:deviceName":"Pixel_3a","appium:automationName":"UIAutomator2"},null,{"alwaysMatch":{"platformName":"Android","appium:platformVersion":"14","appium:deviceName":"Pixel_3a","appium:automationName":"UIAutomator2"},"firstMatch":[{}]}]
[38;5;16m[AppiumDriver@9b2f][0m Event 'newSessionRequested' logged at 1704182846038 (13:37:26 GMT+0530 (India Standard Time))
[35m[Appium][39m Attempting to find matching driver for automationName 'UIAutomator2' and platformName 'Android'
[35m[Appium][39m The 'uiautomator2' driver was installed and matched caps.
[35m[Appium][39m Will require it at C:\Users\DebashisBadajena\.appium\node_modules\appium-uiautomator2-driver
[35m[Appium][39m Requiring driver at C:\Users\DebashisBadajena\.appium\node_modules\appium-uiautomator2-driver\build\index.js
[38;5;16m[AppiumDriver@9b2f][0m Appium v2.3.0 creating new AndroidUiautomator2Driver (v2.36.0) session
[38;5;16m[AppiumDriver@9b2f][0m Checking BaseDriver versions for Appium and AndroidUiautomator2Driver
[38;5;16m[AppiumDriver@9b2f][0m Appium's BaseDriver version is 9.4.4
[38;5;16m[AppiumDriver@9b2f][0m AndroidUiautomator2Driver's BaseDriver version is 9.4.4
[38;5;16m[AppiumDriver@9b2f][0m There are no active sessions for cleanup
[38;5;16m[AppiumDriver@9b2f][0m Applying relaxed security to 'AndroidUiautomator2Driver' as per server command line argument. All insecure features will be enabled unless explicitly disabled by --deny-insecure
[38;5;32m[AndroidUiautomator2Driver@5ffd][0m Creating session with W3C capabilities: {
[38;5;32m[AndroidUiautomator2Driver@5ffd][0m   "alwaysMatch": {
[38;5;32m[AndroidUiautomator2Driver@5ffd][0m     "platformName": "Android",
[38;5;32m[AndroidUiautomator2Driver@5ffd][0m     "appium:platformVersion": "14",
[38;5;32m[AndroidUiautomator2Driver@5ffd][0m     "appium:deviceName": "Pixel_3a",
[38;5;32m[AndroidUiautomator2Driver@5ffd][0m     "appium:automationName": "UIAutomator2"
[38;5;32m[AndroidUiautomator2Driver@5ffd][0m   },
[38;5;32m[AndroidUiautomator2Driver@5ffd][0m   "firstMatch": [
[38;5;32m[AndroidUiautomator2Driver@5ffd][0m     {}
[38;5;32m[AndroidUiautomator2Driver@5ffd][0m   ]
[38;5;32m[AndroidUiautomator2Driver@5ffd][0m }
[38;5;32m[AndroidUiautomator2Driver@5ffd (104bf8bf)][0m Session created with session id: 104bf8bf-b170-4a44-81eb-48672b0527c8
[38;5;32m[AndroidUiautomator2Driver@5ffd (104bf8bf)][0m Neither 'app' nor 'appPackage' was set. Starting UiAutomator2 without the target application
[38;5;48m[ADB][0m Found 1 'build-tools' folders under 'C:\Users\DebashisBadajena\AppData\Local\Android\Sdk' (newest first):
[38;5;48m[ADB][0m     C:\Users\DebashisBadajena\AppData\Local\Android\Sdk\build-tools\34.0.0
[38;5;48m[ADB][0m Using 'adb.exe' from 'C:\Users\DebashisBadajena\AppData\Local\Android\Sdk\platform-tools\adb.exe'
[38;5;48m[ADB][0m Running 'C:\Users\DebashisBadajena\AppData\Local\Android\Sdk\platform-tools\adb.exe -P 5037 start-server'
[38;5;64m[AndroidDriver][0m Retrieving device list
[38;5;48m[ADB][0m Trying to find connected Android devices
[38;5;48m[ADB][0m Getting connected devices
[38;5;48m[ADB][0m Connected devices: [{"udid":"emulator-5554","state":"device"}]
[38;5;64m[AndroidDriver][0m Looking for a device with Android '14.0.0'
[38;5;48m[ADB][0m Setting device id to emulator-5554
[38;5;48m[ADB][0m Getting device platform version
[38;5;48m[ADB][0m Running 'C:\Users\DebashisBadajena\AppData\Local\Android\Sdk\platform-tools\adb.exe -P 5037 -s emulator-5554 shell getprop ro.build.version.release'
[38;5;48m[ADB][0m Current device property 'ro.build.version.release': 14
[38;5;64m[AndroidDriver][0m Using device: emulator-5554
[38;5;48m[ADB][0m Using 'adb.exe' from 'C:\Users\DebashisBadajena\AppData\Local\Android\Sdk\platform-tools\adb.exe'
[38;5;48m[ADB][0m Running 'C:\Users\DebashisBadajena\AppData\Local\Android\Sdk\platform-tools\adb.exe -P 5037 start-server'
[38;5;48m[ADB][0m Setting device id to emulator-5554
[38;5;48m[ADB][0m Running 'C:\Users\DebashisBadajena\AppData\Local\Android\Sdk\platform-tools\adb.exe -P 5037 -s emulator-5554 shell getprop ro.build.version.sdk'
[38;5;48m[ADB][0m Current device property 'ro.build.version.sdk': 34
[38;5;48m[ADB][0m Getting device platform version
[38;5;48m[ADB][0m Running 'C:\Users\DebashisBadajena\AppData\Local\Android\Sdk\platform-tools\adb.exe -P 5037 -s emulator-5554 shell getprop ro.build.version.release'
[38;5;48m[ADB][0m Current device property 'ro.build.version.release': 14
[38;5;48m[ADB][0m Device API level: 34
[38;5;32m[AndroidUiautomator2Driver@5ffd (104bf8bf)][0m Relaxing hidden api policy
[38;5;48m[ADB][0m Running 'C:\Users\DebashisBadajena\AppData\Local\Android\Sdk\platform-tools\adb.exe -P 5037 -s emulator-5554 shell 'settings put global hidden_api_policy_pre_p_apps 1;settings put global hidden_api_policy_p_apps 1;settings put global hidden_api_policy 1''
[38;5;64m[AndroidDriver][0m No app sent in, not parsing package/activity
[38;5;48m[ADB][0m Running 'C:\Users\DebashisBadajena\AppData\Local\Android\Sdk\platform-tools\adb.exe -P 5037 -s emulator-5554 wait-for-device'
[38;5;48m[ADB][0m Running 'C:\Users\DebashisBadajena\AppData\Local\Android\Sdk\platform-tools\adb.exe -P 5037 -s emulator-5554 shell echo ping'
[38;5;64m[AndroidDriver][0m Pushing settings apk to device...
[38;5;48m[ADB][0m Getting package info for 'io.appium.settings'
[38;5;48m[ADB][0m Running 'C:\Users\DebashisBadajena\AppData\Local\Android\Sdk\platform-tools\adb.exe -P 5037 -s emulator-5554 shell dumpsys package io.appium.settings'
[38;5;48m[ADB][0m The version name of the installed 'io.appium.settings' is greater or equal to the application version name ('5.2.0' >= '5.2.0')
[38;5;48m[ADB][0m There is no need to install/upgrade 'C:\Users\DebashisBadajena\.appium\node_modules\appium-uiautomator2-driver\node_modules\io.appium.settings\apks\settings_apk-debug.apk'
[38;5;48m[ADB][0m Getting IDs of all 'io.appium.settings' processes
[38;5;48m[ADB][0m Running 'C:\Users\DebashisBadajena\AppData\Local\Android\Sdk\platform-tools\adb.exe -P 5037 -s emulator-5554 shell 'pgrep --help; echo $?''
[38;5;48m[ADB][0m Running 'C:\Users\DebashisBadajena\AppData\Local\Android\Sdk\platform-tools\adb.exe -P 5037 -s emulator-5554 shell pgrep -f \(\[\[:blank:\]\]\|\^\)io\.appium\.settings\(\[\[:blank:\]\]\|\$\)'
[38;5;64m[AndroidDriver][0m io.appium.settings is already running. There is no need to reset its permissions.
[38;5;80m[Logcat][0m Starting logs capture with command: C:\\Users\\DebashisBadajena\\AppData\\Local\\Android\\Sdk\\platform-tools\\adb.exe -P 5037 -s emulator-5554 logcat -v threadtime
[38;5;32m[AndroidUiautomator2Driver@5ffd (104bf8bf)][0m Forwarding UiAutomator2 Server port 6790 to local port 8201
[38;5;48m[ADB][0m Forwarding system: 8201 to device: 6790
[38;5;48m[ADB][0m Running 'C:\Users\DebashisBadajena\AppData\Local\Android\Sdk\platform-tools\adb.exe -P 5037 -s emulator-5554 forward tcp:8201 tcp:6790'
[38;5;48m[ADB][0m Checking app cert for C:\Users\DebashisBadajena\.appium\node_modules\appium-uiautomator2-driver\node_modules\appium-uiautomator2-server\apks\appium-uiautomator2-server-v5.13.0.apk
[38;5;48m[ADB][0m Checking app cert for C:\Users\DebashisBadajena\.appium\node_modules\appium-uiautomator2-driver\node_modules\appium-uiautomator2-server\apks\appium-uiautomator2-server-debug-androidTest.apk
[38;5;48m[ADB][0m Using 'apksigner.jar' from 'C:\Users\DebashisBadajena\AppData\Local\Android\Sdk\build-tools\34.0.0\lib\apksigner.jar'
[38;5;48m[ADB][0m Starting apksigner: 'C:\\Program Files\\Java\\jdk-21\\bin\\java.exe' -Xmx1024M -Xss1m -jar C:\\Users\\DebashisBadajena\\AppData\\Local\\Android\\Sdk\\build-tools\\34.0.0\\lib\\apksigner.jar verify --print-certs C:\\Users\\DebashisBadajena\\.appium\\node_modules\\appium-uiautomator2-driver\\node_modules\\appium-uiautomator2-server\\apks\\appium-uiautomator2-server-debug-androidTest.apk
[38;5;48m[ADB][0m Starting apksigner: 'C:\\Program Files\\Java\\jdk-21\\bin\\java.exe' -Xmx1024M -Xss1m -jar C:\\Users\\DebashisBadajena\\AppData\\Local\\Android\\Sdk\\build-tools\\34.0.0\\lib\\apksigner.jar verify --print-certs C:\\Users\\DebashisBadajena\\.appium\\node_modules\\appium-uiautomator2-driver\\node_modules\\appium-uiautomator2-server\\apks\\appium-uiautomator2-server-v5.13.0.apk
[38;5;48m[ADB][0m apksigner stdout: Signer #1 certificate DN: EMAILADDRESS=android@android.com, CN=Android, OU=Android, O=Android, L=Mountain View, ST=California, C=US
[38;5;48m[ADB][0m Signer #1 certificate SHA-256 digest: a40da80a59d170caa950cf15c18c454d47a39b26989d8b640ecd745ba71bf5dc
[38;5;48m[ADB][0m Signer #1 certificate SHA-1 digest: 61ed377e85d386a8dfee6b864bd85b0bfaa5af81
[38;5;48m[ADB][0m Signer #1 certificate MD5 digest: e89b158e4bcf988ebd09eb83f5378e87
[38;5;48m[ADB][0m 
[38;5;48m[ADB][0m sha256 hash did match for 'appium-uiautomator2-server-debug-androidTest.apk'
[38;5;48m[ADB][0m 'C:\Users\DebashisBadajena\.appium\node_modules\appium-uiautomator2-driver\node_modules\appium-uiautomator2-server\apks\appium-uiautomator2-server-debug-androidTest.apk' is signed with the default certificate
[38;5;48m[ADB][0m Getting install status for io.appium.uiautomator2.server.test
[38;5;48m[ADB][0m Running 'C:\Users\DebashisBadajena\AppData\Local\Android\Sdk\platform-tools\adb.exe -P 5037 -s emulator-5554 shell pm path io.appium.uiautomator2.server.test'
[38;5;48m[ADB][0m 'io.appium.uiautomator2.server.test' is installed
[38;5;48m[ADB][0m apksigner stdout: Signer #1 certificate DN: EMAILADDRESS=android@android.com, CN=Android, OU=Android, O=Android, L=Mountain View, ST=California, C=US
[38;5;48m[ADB][0m Signer #1 certificate SHA-256 digest: a40da80a59d170caa950cf15c18c454d47a39b26989d8b640ecd745ba71bf5dc
[38;5;48m[ADB][0m Signer #1 certificate SHA-1 digest: 61ed377e85d386a8dfee6b864bd85b0bfaa5af81
[38;5;48m[ADB][0m Signer #1 certificate MD5 digest: e89b158e4bcf988ebd09eb83f5378e87
[38;5;48m[ADB][0m 
[38;5;48m[ADB][0m sha256 hash did match for 'appium-uiautomator2-server-v5.13.0.apk'
[38;5;48m[ADB][0m 'C:\Users\DebashisBadajena\.appium\node_modules\appium-uiautomator2-driver\node_modules\appium-uiautomator2-server\apks\appium-uiautomator2-server-v5.13.0.apk' is signed with the default certificate
[38;5;48m[ADB][0m Getting package info for 'io.appium.uiautomator2.server'
[38;5;48m[ADB][0m Running 'C:\Users\DebashisBadajena\AppData\Local\Android\Sdk\platform-tools\adb.exe -P 5037 -s emulator-5554 shell dumpsys package io.appium.uiautomator2.server'
[38;5;48m[ADB][0m The version name of the installed 'io.appium.uiautomator2.server' is greater or equal to the application version name ('5.13.0' >= '5.13.0')
[38;5;32m[AndroidUiautomator2Driver@5ffd (104bf8bf)][0m Server packages status: [{"wasSigned":true,"installState":"sameVersionInstalled","appPath":"C:\\Users\\DebashisBadajena\\.appium\\node_modules\\appium-uiautomator2-driver\\node_modules\\appium-uiautomator2-server\\apks\\appium-uiautomator2-server-v5.13.0.apk","appId":"io.appium.uiautomator2.server"},{"wasSigned":true,"installState":"sameVersionInstalled","appPath":"C:\\Users\\DebashisBadajena\\.appium\\node_modules\\appium-uiautomator2-driver\\node_modules\\appium-uiautomator2-server\\apks\\appium-uiautomator2-server-debug-androidTest.apk","appId":"io.appium.uiautomator2.server.test"}]
[38;5;32m[AndroidUiautomator2Driver@5ffd (104bf8bf)][0m Server packages are not going to be (re)installed
[38;5;32m[AndroidUiautomator2Driver@5ffd (104bf8bf)][0m Waiting up to 30000ms for services to be available
[38;5;48m[ADB][0m Running 'C:\Users\DebashisBadajena\AppData\Local\Android\Sdk\platform-tools\adb.exe -P 5037 -s emulator-5554 shell pm list instrumentation'
[38;5;32m[AndroidUiautomator2Driver@5ffd (104bf8bf)][0m Instrumentation target 'io.appium.uiautomator2.server.test/androidx.test.runner.AndroidJUnitRunner' is available
[38;5;48m[ADB][0m Adding packages ["io.appium.settings","io.appium.uiautomator2.server","io.appium.uiautomator2.server.test"] to Doze whitelist
[38;5;48m[ADB][0m Got the following command chunks to execute: [["dumpsys","deviceidle","whitelist","+io.appium.settings",";","dumpsys","deviceidle","whitelist","+io.appium.uiautomator2.server",";","dumpsys","deviceidle","whitelist","+io.appium.uiautomator2.server.test",";"]]
[38;5;48m[ADB][0m Running 'C:\Users\DebashisBadajena\AppData\Local\Android\Sdk\platform-tools\adb.exe -P 5037 -s emulator-5554 shell dumpsys deviceidle whitelist +io.appium.settings ; dumpsys deviceidle whitelist +io.appium.uiautomator2.server ; dumpsys deviceidle whitelist +io.appium.uiautomator2.server.test ;'
[38;5;32m[AndroidUiautomator2Driver@5ffd (104bf8bf)][0m No app capability. Assuming it is already on the device
[38;5;32m[AndroidUiautomator2Driver@5ffd (104bf8bf)][0m Performing shallow cleanup of automation leftovers
[38;5;32m[AndroidUiautomator2Driver@5ffd (104bf8bf)][0m The following obsolete sessions are still running: ["9138cc62-b90b-48b2-86cf-6b6e1c2b6fb9"]
[38;5;32m[AndroidUiautomator2Driver@5ffd (104bf8bf)][0m Cleaning up 1 obsolete session
[38;5;48m[ADB][0m Running 'C:\Users\DebashisBadajena\AppData\Local\Android\Sdk\platform-tools\adb.exe -P 5037 -s emulator-5554 shell am force-stop io.appium.uiautomator2.server.test'
[38;5;32m[AndroidUiautomator2Driver@5ffd (104bf8bf)][0m Starting UIAutomator2 server 5.13.0
[38;5;32m[AndroidUiautomator2Driver@5ffd (104bf8bf)][0m Using UIAutomator2 server from 'C:\Users\DebashisBadajena\.appium\node_modules\appium-uiautomator2-driver\node_modules\appium-uiautomator2-server\apks\appium-uiautomator2-server-v5.13.0.apk' and test from 'C:\Users\DebashisBadajena\.appium\node_modules\appium-uiautomator2-driver\node_modules\appium-uiautomator2-server\apks\appium-uiautomator2-server-debug-androidTest.apk'
[38;5;32m[AndroidUiautomator2Driver@5ffd (104bf8bf)][0m Waiting up to 30000ms for UiAutomator2 to be online...
[38;5;48m[ADB][0m Creating ADB subprocess with args: ["-P","5037","-s","emulator-5554","shell","am","instrument","-w","-e","disableAnalytics","true","io.appium.uiautomator2.server.test/androidx.test.runner.AndroidJUnitRunner"]
[38;5;32m[AndroidUiautomator2Driver@5ffd (104bf8bf)][0m Matched '/status' to command name 'getStatus'
[38;5;32m[AndroidUiautomator2Driver@5ffd (104bf8bf)][0m Proxying [GET /status] to [GET http://127.0.0.1:8201/status] with no body
[38;5;32m[AndroidUiautomator2Driver@5ffd (104bf8bf)][0m socket hang up
[38;5;32m[AndroidUiautomator2Driver@5ffd (104bf8bf)][0m Matched '/status' to command name 'getStatus'
[38;5;32m[AndroidUiautomator2Driver@5ffd (104bf8bf)][0m Proxying [GET /status] to [GET http://127.0.0.1:8201/status] with no body
[38;5;32m[AndroidUiautomator2Driver@5ffd (104bf8bf)][0m socket hang up
[38;5;96m[Instrumentation][0m io.appium.uiautomator2.server.test.AppiumUiAutomator2Server:
[38;5;32m[AndroidUiautomator2Driver@5ffd (104bf8bf)][0m Matched '/status' to command name 'getStatus'
[38;5;32m[AndroidUiautomator2Driver@5ffd (104bf8bf)][0m Proxying [GET /status] to [GET http://127.0.0.1:8201/status] with no body
[38;5;32m[AndroidUiautomator2Driver@5ffd (104bf8bf)][0m socket hang up
[38;5;32m[AndroidUiautomator2Driver@5ffd (104bf8bf)][0m Matched '/status' to command name 'getStatus'
[38;5;32m[AndroidUiautomator2Driver@5ffd (104bf8bf)][0m Proxying [GET /status] to [GET http://127.0.0.1:8201/status] with no body
[38;5;32m[AndroidUiautomator2Driver@5ffd (104bf8bf)][0m Got response with status 200: {"sessionId":"None","value":{"message":"UiAutomator2 Server is ready to accept commands","ready":true}}
[38;5;32m[AndroidUiautomator2Driver@5ffd (104bf8bf)][0m The initialization of the instrumentation process took 3263ms
[38;5;32m[AndroidUiautomator2Driver@5ffd (104bf8bf)][0m Matched '/session' to command name 'createSession'
[38;5;32m[AndroidUiautomator2Driver@5ffd (104bf8bf)][0m Proxying [POST /session] to [POST http://127.0.0.1:8201/session] with body: {"capabilities":{"firstMatch":[{"platformName":"Android","platformVersion":"14","deviceName":"emulator-5554","automationName":"UIAutomator2","platform":"LINUX","webStorageEnabled":false,"takesScreenshot":true,"javascriptEnabled":true,"databaseEnabled":false,"networkConnectionEnabled":true,"locationContextEnabled":false,"warnings":{},"desired":{"platformName":"Android","platformVersion":"14","deviceName":"Pixel_3a","automationName":"UIAutomator2"},"deviceUDID":"emulator-5554"}],"alwaysMatch":{}}}
[38;5;32m[AndroidUiautomator2Driver@5ffd (104bf8bf)][0m Got response with status 200: {"sessionId":"49e2b1a2-1815-42d4-8b22-204d55a84986","value":{"capabilities":{"firstMatch":[{"platformName":"Android","platformVersion":"14","deviceName":"emulator-5554","automationName":"UIAutomator2","platform":"LINUX","webStorageEnabled":false,"takesScreenshot":true,"javascriptEnabled":true,"databaseEnabled":false,"networkConnectionEnabled":true,"locationContextEnabled":false,"warnings":{},"desired":{"platformName":"Android","platformVersion":"14","deviceName":"Pixel_3a","automationName":"UIAutomator2"},"deviceUDID":"emulator-5554"}],"alwaysMatch":{}},"sessionId":"49e2b1a2-1815-42d4-8b22-204d55a84986"}}
[38;5;32m[AndroidUiautomator2Driver@5ffd (104bf8bf)][0m Determined the downstream protocol as 'W3C'
[38;5;32m[AndroidUiautomator2Driver@5ffd (104bf8bf)][0m Proxying [GET /appium/device/pixel_ratio] to [GET http://127.0.0.1:8201/session/49e2b1a2-1815-42d4-8b22-204d55a84986/appium/device/pixel_ratio] with no body
[38;5;32m[AndroidUiautomator2Driver@5ffd (104bf8bf)][0m Matched '/appium/device/system_bars' to command name 'getSystemBars'
[38;5;32m[AndroidUiautomator2Driver@5ffd (104bf8bf)][0m Proxying [GET /appium/device/system_bars] to [GET http://127.0.0.1:8201/session/49e2b1a2-1815-42d4-8b22-204d55a84986/appium/device/system_bars] with no body
[38;5;32m[AndroidUiautomator2Driver@5ffd (104bf8bf)][0m Matched '/window/current/size' to command name 'getWindowSize'
[38;5;32m[AndroidUiautomator2Driver@5ffd (104bf8bf)][0m Proxying [GET /window/current/size] to [GET http://127.0.0.1:8201/session/49e2b1a2-1815-42d4-8b22-204d55a84986/window/current/size] with no body
[38;5;32m[AndroidUiautomator2Driver@5ffd (104bf8bf)][0m Proxying [GET /appium/device/info] to [GET http://127.0.0.1:8201/session/49e2b1a2-1815-42d4-8b22-204d55a84986/appium/device/info] with no body
[38;5;48m[ADB][0m Running 'C:\Users\DebashisBadajena\AppData\Local\Android\Sdk\platform-tools\adb.exe -P 5037 -s emulator-5554 shell dumpsys window'
[38;5;32m[AndroidUiautomator2Driver@5ffd (104bf8bf)][0m Got response with status 200: {"sessionId":"49e2b1a2-1815-42d4-8b22-204d55a84986","value":2.75}
[38;5;32m[AndroidUiautomator2Driver@5ffd (104bf8bf)][0m Got response with status 200: {"sessionId":"49e2b1a2-1815-42d4-8b22-204d55a84986","value":{"statusBar":66}}
[38;5;32m[AndroidUiautomator2Driver@5ffd (104bf8bf)][0m Got response with status 200: {"sessionId":"49e2b1a2-1815-42d4-8b22-204d55a84986","value":{"height":2154,"width":1080}}
[38;5;32m[AndroidUiautomator2Driver@5ffd (104bf8bf)][0m Got response with status 200: {"sessionId":"49e2b1a2-1815-42d4-8b22-204d55a84986","value":{"androidId":"7497f6030c3bf5cf","apiVersion":"34","bluetooth":{"state":"ON"},"brand":"google","carrierName":"T-Mobile","displayDensity":440,"locale":"en_US","manufacturer":"Google","model":"sdk_gphone64_x86_64","networks":[{"capabilities":{"SSID":null,"linkDownBandwidthKbps":30000,"linkUpstreamBandwidthKbps":12000,"networkCapabilities":"NET_CAPABILITY_NOT_METERED,NET_CAPABILITY_INTERNET,NET_CAPABILITY_NOT_RESTRICTED,NET_CAPABILITY_TRUSTED,NET_CAPABILITY_NOT_VPN,NET_CAPABILITY_VALIDATED,NET_CAPABILITY_NOT_ROAMING,NET_CAPABILITY_FOREGROUND,NET_CAPABILITY_NOT_CONGESTED,NET_CAPABILITY_NOT_SUSPENDED","signalStrength":-50,"transportTypes":"TRANSPORT_WIFI"},"detailedState":"CONNECTED","extraInfo":"","isAvailable":true,"isConnected":true,"isFailover":false,"isRoaming":false,"state":"CONNECTED","subtype":-1,"subtypeName":"","type":1,"typeName":"WIFI"},{"capabilities":{"SSID":null,"linkDownBandwidthKbps":4300,"linkUpstreamBandwidthKbps":1800,"networkCapabil...
[38;5;64m[AndroidDriver][0m Screen already unlocked, doing nothing
[38;5;16m[AppiumDriver@9b2f][0m New AndroidUiautomator2Driver session created successfully, session 104bf8bf-b170-4a44-81eb-48672b0527c8 added to master session list
[38;5;16m[AppiumDriver@9b2f][0m Event 'newSessionStarted' logged at 1704182854387 (13:37:34 GMT+0530 (India Standard Time))
[38;5;32m[AndroidUiautomator2Driver@5ffd (104bf8bf)][0m Cached the protocol value 'W3C' for the new session 104bf8bf-b170-4a44-81eb-48672b0527c8
[38;5;32m[AndroidUiautomator2Driver@5ffd (104bf8bf)][0m Responding to client with driver.createSession() result: {"capabilities":{"platformName":"Android","platformVersion":"14","deviceName":"emulator-5554","automationName":"UIAutomator2","platform":"LINUX","webStorageEnabled":false,"takesScreenshot":true,"javascriptEnabled":true,"databaseEnabled":false,"networkConnectionEnabled":true,"locationContextEnabled":false,"warnings":{},"desired":{"platformName":"Android","platformVersion":"14","deviceName":"Pixel_3a","automationName":"UIAutomator2"},"deviceUDID":"emulator-5554","pixelRatio":"2.75","statBarHeight":66,"viewportRect":{"left":0,"top":66,"width":1080,"height":2088},"deviceApiLevel":34,"deviceManufacturer":"Google","deviceModel":"sdk_gphone64_x86_64","deviceScreenSize":"1080x2220","deviceScreenDensity":440}}
[38;5;0m[HTTP][0m [37m<-- POST /session [39m[32m200[39m [90m8356 ms - 771[39m
[38;5;0m[HTTP][0m [90m[39m
[38;5;0m[HTTP][0m [37m-->[39m [37mDELETE[39m [37m/session/104bf8bf-b170-4a44-81eb-48672b0527c8[39m
[38;5;0m[HTTP][0m [90m{}[39m
[38;5;32m[AndroidUiautomator2Driver@5ffd (104bf8bf)][0m Calling AppiumDriver.deleteSession() with args: ["104bf8bf-b170-4a44-81eb-48672b0527c8"]
[38;5;16m[AppiumDriver@9b2f][0m Event 'quitSessionRequested' logged at 1704182858619 (13:37:38 GMT+0530 (India Standard Time))
[38;5;16m[AppiumDriver@9b2f][0m Removing session 104bf8bf-b170-4a44-81eb-48672b0527c8 from our master session list
[38;5;32m[AndroidUiautomator2Driver@5ffd (104bf8bf)][0m Deleting UiAutomator2 session
[38;5;32m[AndroidUiautomator2Driver@5ffd (104bf8bf)][0m Deleting UiAutomator2 server session
[38;5;32m[AndroidUiautomator2Driver@5ffd (104bf8bf)][0m Matched '/' to command name 'deleteSession'
[38;5;32m[AndroidUiautomator2Driver@5ffd (104bf8bf)][0m Proxying [DELETE /] to [DELETE http://127.0.0.1:8201/session/49e2b1a2-1815-42d4-8b22-204d55a84986] with no body
[38;5;32m[AndroidUiautomator2Driver@5ffd (104bf8bf)][0m Got response with status 200: {"sessionId":"49e2b1a2-1815-42d4-8b22-204d55a84986","value":null}
[38;5;48m[ADB][0m Running 'C:\Users\DebashisBadajena\AppData\Local\Android\Sdk\platform-tools\adb.exe -P 5037 -s emulator-5554 shell dumpsys activity services io.appium.settings/.recorder.RecorderService'
[38;5;80m[Logcat][0m Stopping logcat capture
[38;5;48m[ADB][0m Removing forwarded port socket connection: 8201 
[38;5;48m[ADB][0m Running 'C:\Users\DebashisBadajena\AppData\Local\Android\Sdk\platform-tools\adb.exe -P 5037 -s emulator-5554 forward --remove tcp:8201'
[38;5;32m[AndroidUiautomator2Driver@5ffd (104bf8bf)][0m Restoring hidden api policy to the device default configuration
[38;5;48m[ADB][0m Running 'C:\Users\DebashisBadajena\AppData\Local\Android\Sdk\platform-tools\adb.exe -P 5037 -s emulator-5554 shell 'settings delete global hidden_api_policy_pre_p_apps;settings delete global hidden_api_policy_p_apps;settings delete global hidden_api_policy''
[38;5;16m[AppiumDriver@9b2f][0m Event 'quitSessionFinished' logged at 1704182858848 (13:37:38 GMT+0530 (India Standard Time))
[38;5;16m[AppiumDriver@9b2f][0m Received response: null
[38;5;16m[AppiumDriver@9b2f][0m But deleting session, so not returning
[38;5;16m[AppiumDriver@9b2f][0m Responding to client with driver.deleteSession() result: null
[38;5;0m[HTTP][0m [37m<-- DELETE /session/104bf8bf-b170-4a44-81eb-48672b0527c8 [39m[32m200[39m [90m233 ms - 14[39m
[38;5;0m[HTTP][0m [90m[39m
